{"name": "test_editacc_003", "status": "broken", "statusDetails": {"message": "selenium.common.exceptions.NoSuchElementException: Message: no such element: Unable to locate element: {\"method\":\"xpath\",\"selector\":\"//a[normalize-space()='Customer Management']\"}\n  (Session info: chrome=131.0.6778.109); For documentation on this error, please visit: https://www.selenium.dev/documentation/webdriver/troubleshooting/errors#no-such-element-exception\nStacktrace:\n\tGetHandleVerifier [0x00007FF6EE906CF5+28821]\n\t(No symbol) [0x00007FF6EE873880]\n\t(No symbol) [0x00007FF6EE71578A]\n\t(No symbol) [0x00007FF6EE7691BE]\n\t(No symbol) [0x00007FF6EE7694AC]\n\t(No symbol) [0x00007FF6EE7B2647]\n\t(No symbol) [0x00007FF6EE78F33F]\n\t(No symbol) [0x00007FF6EE7AF412]\n\t(No symbol) [0x00007FF6EE78F0A3]\n\t(No symbol) [0x00007FF6EE75A778]\n\t(No symbol) [0x00007FF6EE75B8E1]\n\tGetHandleVerifier [0x00007FF6EEC3FCED+3408013]\n\tGetHandleVerifier [0x00007FF6EEC5745F+3504127]\n\tGetHandleVerifier [0x00007FF6EEC4B63D+3455453]\n\tGetHandleVerifier [0x00007FF6EE9CBDFB+835995]\n\t(No symbol) [0x00007FF6EE87EB9F]\n\t(No symbol) [0x00007FF6EE87A854]\n\t(No symbol) [0x00007FF6EE87A9ED]\n\t(No symbol) [0x00007FF6EE86A1D9]\n\tBaseThreadInitThunk [0x00007FFE9BA0259D+29]\n\tRtlUserThreadStart [0x00007FFE9CF4AF38+40]", "trace": "self = <testCases.test_custMgt.Test_CustMgt object at 0x000002EE2F329B20>\nsetup_login = <selenium.webdriver.chrome.webdriver.WebDriver (session=\"a3491c86e6eaadc28d12582138aeaec3\")>\n\n    def test_editacc_003(self, setup_login):\n        Edit = CustMgt_Class(setup_login)\n>       Edit.Click_Custmgt_Button()\n\ntestCases\\test_custMgt.py:108: \n_ _ _ _ _ _ _ _ _ _ _ _ _ _ _ _ _ _ _ _ _ _ _ _ _ _ _ _ _ _ _ _ _ _ _ _ _ _ _ _\npageObjects\\CustMgt.py:28: in Click_Custmgt_Button\n    self.driver.find_element(*CustMgt_Class.Click_CustMgtUrl_Xpath).click()\nC:\\Users\\Jubilee\\AppData\\Local\\Programs\\Python\\Python312\\Lib\\site-packages\\selenium\\webdriver\\remote\\webdriver.py:748: in find_element\n    return self.execute(Command.FIND_ELEMENT, {\"using\": by, \"value\": value})[\"value\"]\nC:\\Users\\Jubilee\\AppData\\Local\\Programs\\Python\\Python312\\Lib\\site-packages\\selenium\\webdriver\\remote\\webdriver.py:354: in execute\n    self.error_handler.check_response(response)\n_ _ _ _ _ _ _ _ _ _ _ _ _ _ _ _ _ _ _ _ _ _ _ _ _ _ _ _ _ _ _ _ _ _ _ _ _ _ _ _\n\nself = <selenium.webdriver.remote.errorhandler.ErrorHandler object at 0x000002EE2F653DD0>\nresponse = {'status': 404, 'value': '{\"value\":{\"error\":\"no such element\",\"message\":\"no such element: Unable to locate element: {\\...07FF6EE86A1D9]\\\\n\\\\tBaseThreadInitThunk [0x00007FFE9BA0259D+29]\\\\n\\\\tRtlUserThreadStart [0x00007FFE9CF4AF38+40]\\\\n\"}}'}\n\n    def check_response(self, response: Dict[str, Any]) -> None:\n        \"\"\"Checks that a JSON response from the WebDriver does not have an\n        error.\n    \n        :Args:\n         - response - The JSON response from the WebDriver server as a dictionary\n           object.\n    \n        :Raises: If the response contains an error message.\n        \"\"\"\n        status = response.get(\"status\", None)\n        if not status or status == ErrorCode.SUCCESS:\n            return\n        value = None\n        message = response.get(\"message\", \"\")\n        screen: str = response.get(\"screen\", \"\")\n        stacktrace = None\n        if isinstance(status, int):\n            value_json = response.get(\"value\", None)\n            if value_json and isinstance(value_json, str):\n                import json\n    \n                try:\n                    value = json.loads(value_json)\n                    if len(value) == 1:\n                        value = value[\"value\"]\n                    status = value.get(\"error\", None)\n                    if not status:\n                        status = value.get(\"status\", ErrorCode.UNKNOWN_ERROR)\n                        message = value.get(\"value\") or value.get(\"message\")\n                        if not isinstance(message, str):\n                            value = message\n                            message = message.get(\"message\")\n                    else:\n                        message = value.get(\"message\", None)\n                except ValueError:\n                    pass\n    \n        exception_class: Type[WebDriverException]\n        e = ErrorCode()\n        error_codes = [item for item in dir(e) if not item.startswith(\"__\")]\n        for error_code in error_codes:\n            error_info = getattr(ErrorCode, error_code)\n            if isinstance(error_info, list) and status in error_info:\n                exception_class = getattr(ExceptionMapping, error_code, WebDriverException)\n                break\n        else:\n            exception_class = WebDriverException\n    \n        if not value:\n            value = response[\"value\"]\n        if isinstance(value, str):\n            raise exception_class(value)\n        if message == \"\" and \"message\" in value:\n            message = value[\"message\"]\n    \n        screen = None  # type: ignore[assignment]\n        if \"screen\" in value:\n            screen = value[\"screen\"]\n    \n        stacktrace = None\n        st_value = value.get(\"stackTrace\") or value.get(\"stacktrace\")\n        if st_value:\n            if isinstance(st_value, str):\n                stacktrace = st_value.split(\"\\n\")\n            else:\n                stacktrace = []\n                try:\n                    for frame in st_value:\n                        line = frame.get(\"lineNumber\", \"\")\n                        file = frame.get(\"fileName\", \"<anonymous>\")\n                        if line:\n                            file = f\"{file}:{line}\"\n                        meth = frame.get(\"methodName\", \"<anonymous>\")\n                        if \"className\" in frame:\n                            meth = f\"{frame['className']}.{meth}\"\n                        msg = \"    at %s (%s)\"\n                        msg = msg % (meth, file)\n                        stacktrace.append(msg)\n                except TypeError:\n                    pass\n        if exception_class == UnexpectedAlertPresentException:\n            alert_text = None\n            if \"data\" in value:\n                alert_text = value[\"data\"].get(\"text\")\n            elif \"alert\" in value:\n                alert_text = value[\"alert\"].get(\"text\")\n            raise exception_class(message, screen, stacktrace, alert_text)  # type: ignore[call-arg]  # mypy is not smart enough here\n>       raise exception_class(message, screen, stacktrace)\nE       selenium.common.exceptions.NoSuchElementException: Message: no such element: Unable to locate element: {\"method\":\"xpath\",\"selector\":\"//a[normalize-space()='Customer Management']\"}\nE         (Session info: chrome=131.0.6778.109); For documentation on this error, please visit: https://www.selenium.dev/documentation/webdriver/troubleshooting/errors#no-such-element-exception\nE       Stacktrace:\nE       \tGetHandleVerifier [0x00007FF6EE906CF5+28821]\nE       \t(No symbol) [0x00007FF6EE873880]\nE       \t(No symbol) [0x00007FF6EE71578A]\nE       \t(No symbol) [0x00007FF6EE7691BE]\nE       \t(No symbol) [0x00007FF6EE7694AC]\nE       \t(No symbol) [0x00007FF6EE7B2647]\nE       \t(No symbol) [0x00007FF6EE78F33F]\nE       \t(No symbol) [0x00007FF6EE7AF412]\nE       \t(No symbol) [0x00007FF6EE78F0A3]\nE       \t(No symbol) [0x00007FF6EE75A778]\nE       \t(No symbol) [0x00007FF6EE75B8E1]\nE       \tGetHandleVerifier [0x00007FF6EEC3FCED+3408013]\nE       \tGetHandleVerifier [0x00007FF6EEC5745F+3504127]\nE       \tGetHandleVerifier [0x00007FF6EEC4B63D+3455453]\nE       \tGetHandleVerifier [0x00007FF6EE9CBDFB+835995]\nE       \t(No symbol) [0x00007FF6EE87EB9F]\nE       \t(No symbol) [0x00007FF6EE87A854]\nE       \t(No symbol) [0x00007FF6EE87A9ED]\nE       \t(No symbol) [0x00007FF6EE86A1D9]\nE       \tBaseThreadInitThunk [0x00007FFE9BA0259D+29]\nE       \tRtlUserThreadStart [0x00007FFE9CF4AF38+40]\n\nC:\\Users\\Jubilee\\AppData\\Local\\Programs\\Python\\Python312\\Lib\\site-packages\\selenium\\webdriver\\remote\\errorhandler.py:229: NoSuchElementException"}, "start": 1733557196082, "stop": 1733557196266, "uuid": "57fc68c6-8dde-4673-a563-40cd8b961500", "historyId": "5782d16b7dc28a2dbe97f588b55a7c20", "testCaseId": "5782d16b7dc28a2dbe97f588b55a7c20", "fullName": "testCases.test_custMgt.Test_CustMgt#test_editacc_003", "labels": [{"name": "parentSuite", "value": "testCases"}, {"name": "suite", "value": "test_custMgt"}, {"name": "subSuite", "value": "Test_CustMgt"}, {"name": "host", "value": "Viplav"}, {"name": "thread", "value": "62648-MainThread"}, {"name": "framework", "value": "pytest"}, {"name": "language", "value": "cpython3"}, {"name": "package", "value": "testCases.test_custMgt"}]}